c:\users\dotlaptop\desktop\myrepos2\c-programming\c-programming\debug\vc141.pdb
c:\users\dotlaptop\desktop\myrepos2\c-programming\c-programming\debug\vc141.idb
c:\users\dotlaptop\desktop\myrepos2\c-programming\c-programming\debug\7_demolab2.obj
c:\users\dotlaptop\desktop\myrepos2\c-programming\c-programming\debug\7_2_perflabb.obj
c:\users\dotlaptop\desktop\myrepos2\c-programming\c-programming\debug\7_2_perflaba.obj
c:\users\dotlaptop\desktop\myrepos2\c-programming\c-programming\debug\7_2_perflabc.obj
c:\users\dotlaptop\desktop\myrepos2\c-programming\c-programming\debug\7_2_demolab4.obj
c:\users\dotlaptop\desktop\myrepos2\c-programming\c-programming\debug\7_2_perflabd.obj
c:\users\dotlaptop\desktop\myrepos2\c-programming\c-programming\debug\7_3_perflaba.obj
c:\users\dotlaptop\desktop\myrepos2\c-programming\c-programming\debug\7_4_perflaba.obj
c:\users\dotlaptop\desktop\myrepos2\c-programming\c-programming\debug\7_5_perflaba.obj
c:\users\dotlaptop\desktop\myrepos2\c-programming\c-programming\debug\8_newlinerecords_demolab.obj
c:\users\dotlaptop\desktop\myrepos2\c-programming\c-programming\debug\8_perflaba_easy.obj
c:\users\dotlaptop\desktop\myrepos2\c-programming\c-programming\debug\8_perflaba_hard.obj
c:\users\dotlaptop\desktop\myrepos2\c-programming\c-programming\debug\mystringheader.obj
c:\users\dotlaptop\desktop\myrepos2\c-programming\c-programming\debug\mystringheader_copy.obj
c:\users\dotlaptop\desktop\myrepos2\c-programming\c-programming\debug\string_theory.obj
c:\users\dotlaptop\desktop\myrepos2\c-programming\c-programming\debug\unit_test_code_2.obj
c:\users\dotlaptop\desktop\myrepos2\c-programming\c-programming\debug\8_6_recursion_demolab.obj
c:\users\dotlaptop\desktop\myrepos2\c-programming\c-programming\debug\8_6_perflabc.obj
c:\users\dotlaptop\desktop\myrepos2\c-programming\c-programming\debug\midterm_review_unittestcodev2.obj
c:\users\dotlaptop\desktop\myrepos2\c-programming\c-programming\debug\englishfunctions.obj
c:\users\dotlaptop\desktop\myrepos2\c-programming\debug\c-programming.pdb
c:\users\dotlaptop\desktop\myrepos2\c-programming\debug\c-programming.exe
c:\users\dotlaptop\desktop\myrepos2\c-programming\debug\c-programming.ilk
c:\users\dotlaptop\desktop\myrepos2\c-programming\c-programming\debug\c-programming.tlog\cl.command.1.tlog
c:\users\dotlaptop\desktop\myrepos2\c-programming\c-programming\debug\c-programming.tlog\cl.read.1.tlog
c:\users\dotlaptop\desktop\myrepos2\c-programming\c-programming\debug\c-programming.tlog\cl.write.1.tlog
c:\users\dotlaptop\desktop\myrepos2\c-programming\c-programming\debug\c-programming.tlog\link.command.1.tlog
c:\users\dotlaptop\desktop\myrepos2\c-programming\c-programming\debug\c-programming.tlog\link.read.1.tlog
c:\users\dotlaptop\desktop\myrepos2\c-programming\c-programming\debug\c-programming.tlog\link.write.1.tlog
